0 info it worked if it ends with ok
1 verbose cli [ 'C:\\Program Files\\nodejs\\node.exe',
1 verbose cli   'C:\\Program Files\\nodejs\\node_modules\\npm\\bin\\npm-cli.js',
1 verbose cli   'start' ]
2 info using npm@3.10.10
3 info using node@v6.9.5
4 verbose run-script [ 'prestart', 'start', 'poststart' ]
5 info lifecycle inspinia@2.7.1~prestart: inspinia@2.7.1
6 silly lifecycle inspinia@2.7.1~prestart: no script for prestart, continuing
7 info lifecycle inspinia@2.7.1~start: inspinia@2.7.1
8 verbose lifecycle inspinia@2.7.1~start: unsafe-perm in lifecycle true
9 verbose lifecycle inspinia@2.7.1~start: PATH: C:\Program Files\nodejs\node_modules\npm\bin\node-gyp-bin;C:\Users\沈冬冬\Desktop\ng4-erp\node_modules\.bin;C:;E:\java\jdk\bin;E:\java\jdk\jre\bin;\ProgramData\Oracle\Java\javapath;\Windows\system32;C:\Windows;C:\Windows\System32\Wbem;C:\Windows\System32\WindowsPowerShell\v1.0\;C:\Program Files (x86)\NVIDIA Corporation\PhysX\Common;C:\WINDOWS\system32;C:\WINDOWS;C:\WINDOWS\System32\Wbem;C:\WINDOWS\System32\WindowsPowerShell\v1.0\;E:\matlab\runtime\win64;E:\matlab\bin;E:\matlab\polyspace\bin;E:\matlaba\runtime\win64;E:\matlaba\bin;E:\matlaba\polyspace\bin;C:\Program Files\nodejs\;C:\Program Files\Git\cmd;C:\Program Files\Intel\WiFi\bin\;C:\Program Files\Common Files\Intel\WirelessCommon\;C:\Ruby22\bin;C:\Users\沈冬冬\AppData\Local\Microsoft\WindowsApps;;C:\Program Files (x86)\Microsoft VS Code\bin;C:\Users\沈冬冬\AppData\Roaming\npm
10 verbose lifecycle inspinia@2.7.1~start: CWD: C:\Users\沈冬冬\Desktop\ng4-erp
11 silly lifecycle inspinia@2.7.1~start: Args: [ '/d /s /c', 'ng serve' ]
12 verbose stack Error: kill ENOSYS
12 verbose stack     at exports._errnoException (util.js:1022:11)
12 verbose stack     at process.kill (internal/process.js:172:13)
12 verbose stack     at process.listener (C:\Program Files\nodejs\node_modules\npm\node_modules\npmlog\node_modules\gauge\node_modules\signal-exit\index.js:86:15)
12 verbose stack     at emitNone (events.js:91:20)
12 verbose stack     at process.emit (events.js:185:7)
12 verbose stack     at processEmit (C:\Program Files\nodejs\node_modules\npm\node_modules\npmlog\node_modules\gauge\node_modules\signal-exit\index.js:146:32)
12 verbose stack     at processEmit (C:\Program Files\nodejs\node_modules\npm\node_modules\npm-registry-client\node_modules\npmlog\node_modules\gauge\node_modules\signal-exit\index.js:146:32)
12 verbose stack     at Signal.wrap.onsignal (internal/process.js:199:44)
13 verbose cwd C:\Users\沈冬冬\Desktop\ng4-erp
14 error Windows_NT 10.0.15063
15 error argv "C:\\Program Files\\nodejs\\node.exe" "C:\\Program Files\\nodejs\\node_modules\\npm\\bin\\npm-cli.js" "start"
16 error node v6.9.5
17 error npm  v3.10.10
18 error code ENOSYS
19 error errno ENOSYS
20 error syscall kill
21 error kill ENOSYS
22 error If you need help, you may report this error at:
22 error     <https://github.com/npm/npm/issues>
23 verbose exit [ 1, true ]
